<?xml version="1.0" encoding="UTF-8"?>
<!-- Generated by org.testng.reporters.JUnitReportReporter -->
<testsuite skipped="0" hostname="Warren-PC" name="com.led.testcases.AddCustomerTest" tests="2" failures="0" timestamp="2020-03-06T22:42:34 CST" time="0.207" errors="0">
  <testcase name="addCustomer" time="0.145" classname="com.led.testcases.AddCustomerTest"/>
  <testcase name="addCustomer" time="0.062" classname="com.led.testcases.AddCustomerTest"/>
</testsuite> <!-- com.led.testcases.AddCustomerTest -->
