<?xml version="1.0" encoding="UTF-8"?>
<!-- Generated by org.testng.reporters.JUnitReportReporter -->
<testsuite skipped="2" hostname="Warren-PC" name="com.led.testcases.LoginTest" tests="3" failures="0" timestamp="2020-02-24T21:15:20 CST" time="0.200" errors="0">
  <testcase name="WebTables" time="0.200" classname="com.led.testcases.LoginTest"/>
  <testcase name="Test1" classname="com.led.testcases.LoginTest">
    <skipped/>
  </testcase> <!-- Test1 -->
  <testcase name="Banking" classname="com.led.testcases.LoginTest">
    <skipped/>
  </testcase> <!-- Banking -->
</testsuite> <!-- com.led.testcases.LoginTest -->
