<?xml version="1.0" encoding="UTF-8"?>
<!-- Generated by org.testng.reporters.JUnitReportReporter -->
<testsuite skipped="0" hostname="Warren-PC" name="com.led.testcases.AddCustomerTest" tests="2" failures="0" timestamp="2020-02-28T00:34:16 CST" time="0.183" errors="0">
  <testcase name="addCustomer" time="0.115" classname="com.led.testcases.AddCustomerTest"/>
  <testcase name="addCustomer" time="0.068" classname="com.led.testcases.AddCustomerTest"/>
</testsuite> <!-- com.led.testcases.AddCustomerTest -->
