<?xml version="1.0" encoding="UTF-8"?>
<!-- Generated by org.testng.reporters.JUnitReportReporter -->
<testsuite skipped="0" hostname="Warren-PC" name="com.led.testcases.BankManager" tests="1" failures="0" timestamp="2020-02-24T21:49:16 CST" time="4.282" errors="0">
  <testcase name="LogInAsBankManager" time="4.282" classname="com.led.testcases.BankManager"/>
</testsuite> <!-- com.led.testcases.BankManager -->
